FILE FOR M=6 CONTOURED NOZZLE. 010:non_eq  001:eq  100: frozen          
straight line segs.  T0(K)  P0(atm)  5000.  noz_
  RUN NO.    1  RESERVOIR TEMPERATURE =    5298.8 (K)  RESERVOIR PRESSURE =   369.890 ATMOSPHERES



 NUMBER OF CHEMICAL ELEMENTS (ISC) =  4
                     SPECIES (ISS) =  8
                   REACTIONS (ISR) = 11
 NUMBER OF IONS (EXCLUDING E-)     =  1
 BZERO IN VAN DER WAALS EQUATION   =  0.0000000
  TEMPERATURE SWITCH FROM THERMAL FIT TO HARMONIC OSCILLATOR DATA =  5000.000 DEGREES KELVIN
                      ELEMENT (COMPONENTS)           ATOM FRACTION        ELEMENT MOLECULAR WEIGHTS

                                     N                  1.56176E+00                 1.40080E+01
                                     O                  4.19590E-01                 1.60000E+01
                                    AR                  9.32400E-03                 3.99440E+01
                                    E-                  0.00000E+00                 5.48470E-04
 

 SPECIES  THERMAL FIT INDICATOR  ALPHA MATRIX

                                      N     O    AR    E-
      E-            1                0.    0.    0.    1.
      N2            1                2.    0.    0.    0.
      O2            1                0.    2.    0.    0.
      AR            1                0.    0.    1.    0.
       N            1                1.    0.    0.    0.
       O            1                0.    1.    0.    0.
      NO            1                1.    1.    0.    0.
     NO+            1                1.    1.    0.   -1.
 

 SPECIES   ATOMS PER MOLECULE        CHEMICAL CONSTANT     CHAR. VIBRATIONAL TEMP.   ENTHALPY OF FORMATION      ELECTRONIC LEVELS

      E-          1.00000E+00             -1.49282E+01              0.00000E+00              0.00000E+00                 1
      N2          2.00000E+00             -4.21630E-01              3.35324E+03              0.00000E+00                 4
      O2          2.00000E+00              1.07450E-01              2.23897E+03              0.00000E+00                 5
      AR          1.00000E+00              1.86557E+00              0.00000E+00              0.00000E+00                 3
       N          1.00000E+00              2.98680E-01              0.00000E+00              1.12591E+05                 5
       O          1.00000E+00              4.93200E-01              0.00000E+00              5.89800E+04                 6
      NO          2.00000E+00              5.39410E-01              2.69918E+03              2.14770E+04                 3
     NO+          2.00000E+00              3.78610E-01              3.37295E+03              2.35330E+05                 6
 
 SPECIES     (DEGENERACY,ELECTRONIC ENERGY LEVEL)

      E-      2.   0.00000E+00
      N2      1.   0.00000E+00   3.   1.43685E+05   6.   1.70475E+05   1.   1.75400E+05
      O2      3.   0.00000E+00   2.   2.20370E+04   1.   3.77250E+04   3.   1.03198E+05   3.   1.42390E+05
      AR      1.   0.00000E+00   5.   2.66307E+05   3.   2.68042E+05
       N      4.   0.00000E+00   6.   5.49740E+04   4.   5.51250E+04   6.   8.24550E+04  12.   2.38210E+05
       O      5.   0.00000E+00   3.   4.54620E+02   1.   6.48980E+02   5.   4.53680E+04   1.   9.66150E+04   5.   2.10907E+05
      NO      4.   0.00000E+00   2.   1.25700E+05   4.   1.31283E+05
     NO+      1.   0.00000E+00   6.   1.15232E+05   3.   1.68987E+05   6.   2.08732E+05   2.   2.09590E+05   0.   0.00000E+00
 

 SPECIES               A              B              C              D              E              K     HEAT OF FORMATION

      E-           2.500000E+00   0.000000E+00   0.000000E+00   0.000000E+00   0.000000E+00  -1.173500E+01   0.000000E+00
      N2           3.451483E+00   3.088332E-04  -4.251428E-08   2.739295E-12  -5.468320E-17   3.071269E+00   0.000000E+00
      O2           3.249473E+00   4.963449E-04  -6.701753E-08   4.443339E-12  -1.000281E-16   5.915022E+00   0.000000E+00
      AR           2.563282E+00  -3.591770E-05   7.469208E-09  -6.747034E-13   2.234019E-17   4.000939E+00   0.000000E+00
       N           3.008922E+00  -3.134625E-04   6.311813E-08  -4.165203E-12   9.334886E-17   1.303476E+00   1.125906E+05
       O           2.594143E+00  -5.008914E-05   1.199502E-08  -8.681611E-13   2.148100E-17   4.600615E+00   5.898000E+04
      NO           3.756216E+00   2.083961E-04  -2.639548E-08   1.690332E-12  -3.611523E-17   3.611167E+00   2.147700E+04
     NO+           3.397385E+00   3.749384E-04  -6.062030E-08   4.637506E-12  -1.107704E-16   4.200563E+00   2.353300E+05
 

 REACTION NO.      CONSTANT FACTOR AI     TEMP. POWER DEPENDENCE     ACTIVATION ENERGY       CHI TEST    THIRD BODY MATRIX

        1                3.00000E+21             -1.50000E+00              2.24990E+05        0.2000000    01000000
        2                1.50000E+22             -1.50000E+00              2.24990E+05        0.2000000    00001000
        3                9.90000E+20             -1.50000E+00              2.24990E+05        0.2000000    00110110
        4                3.60000E+21             -1.50000E+00              1.17960E+05        0.2000000    00100000
        5                2.10000E+18             -5.00000E-01              1.17960E+05        0.2000000    00000100
        6                1.20000E+21             -1.50000E+00              1.17960E+05        0.2000000    01011010
        7                5.20000E+21             -1.50000E+00              1.49960E+05        0.2000000    01111110
        8                1.00000E+12              5.00000E-01              7.20000E+03        0.2000000
        9                5.00000E+13              0.00000E+00              7.55200E+04        0.2000000
       10                9.10000E+24             -2.50000E+00              1.29120E+05        0.2000000
       11                1.80000E+21             -1.50000E+00              0.00000E+00        0.3000000
 

 REACT NO.  NU PRIME MATRIX

               E-    N2    O2    AR     N     O    NO   NO+
      1        0.    0.    0.    0.    2.    0.    0.    0.
      2        0.    0.    0.    0.    2.    0.    0.    0.
      3        0.    0.    0.    0.    2.    0.    0.    0.
      4        0.    0.    0.    0.    0.    2.    0.    0.
      5        0.    0.    0.    0.    0.    2.    0.    0.
      6        0.    0.    0.    0.    0.    2.    0.    0.
      7        0.    0.    0.    0.    1.    1.    0.    0.
      8        0.    0.    0.    0.    0.    1.    1.    0.
      9        0.    0.    0.    0.    1.    0.    1.    0.
     10        0.    0.    0.    0.    0.    0.    2.    0.
     11        0.    0.    0.    0.    1.    1.    0.    0.
 

 REACT NO.  NU MATRIX

               E-    N2    O2    AR     N     O    NO   NO+
      1        0.    1.    0.    0.    0.    0.    0.    0.
      2        0.    1.    0.    0.    0.    0.    0.    0.
      3        0.    1.    0.    0.    0.    0.    0.    0.
      4        0.    0.    1.    0.    0.    0.    0.    0.
      5        0.    0.    1.    0.    0.    0.    0.    0.
      6        0.    0.    1.    0.    0.    0.    0.    0.
      7        0.    0.    0.    0.    0.    0.    1.    0.
      8        0.    0.    1.    0.    1.    0.    0.    0.
      9        0.    1.    0.    0.    0.    1.    0.    0.
     10        0.    1.    1.    0.    0.    0.    0.    0.
     11        1.    0.    0.    0.    0.    0.    0.    1.


------------------------------------------------------
 --- FITTED NOZZLE PROFILE ---
 CHARACTERISTIC LENGTH OF NOZZLE (SL) =    1.000
 UPSTREAM AREA POLYNOMIAL COEFFICIENTS

    9.22944E+00  -4.86080E-03   6.40000E-07   1.00000E+00   0.00000E+00   1.31866E+00   0.00000E+00   0.00000E+00
   0.00000E+00   0.00000E+00
 

 DOWNSTREAM AREA POLYNOMIAL COEFFICIENTS

    1.00000E+00   4.00000E-01   4.00000E-02   2.02953E+00   4.89191E-01   2.94783E-02   0.00000E+00   0.00000E+00
   0.00000E+00   0.00000E+00   8.66413E+00   6.91407E-01   1.37938E-02   0.00000E+00   0.00000E+00   0.00000E+00
   0.00000E+00   2.52806E+01   7.33144E-01   5.31534E-03   0.00000E+00   0.00000E+00   0.00000E+00   0.00000E+00
   4.94144E+01   6.05622E-01   1.85562E-03   0.00000E+00   0.00000E+00   0.00000E+00   0.00000E+00
 

 AREA FIT TRANSFER POINTS

   -2.50000E+00   1.50000E+01   2.80000E+01   4.68000E+01   6.71000E+01
 --------------------------------------------------
          NON-EQUILIBRIUM CHEMISTRY
 PERTURBATION SOLUTION BEGINS WITH TEMPERATURE STEP (DELT2) =  0.01000
 DIRECT INTEGRATION BEGINS WITH STEP (DELTAX) =   0.0100
 AFTER 4 SUCCESSFUL STEPS DELTAX IS INCREASED
 SOLUTION TAKEN TO X =     98.4CENTIMETERS
 RESULTS PRINTED AT TEMPERATURE INTERVALS GT TPRINT =   0.0500

        ACCURACY OF RUNGE-KUTTA INTEGRATION
         TEMPERATURE (TTEST) =  0.05000
         SPECIES CONCENTRATIONS (GTEST) =  0.10000

 NON-EQUILIBRIUM SOLUTION BEGINS DOWNSTREAM OF THE THROAT
 WITH INITIAL TEMPERATURE STEP (DELT2) =    0.0100



   OUTPUT FORMAT FOR NONEQUILIBRIUM SOLUTION

   TEMPERATURE      PRESSURE      DENSITY       VELOCITY    MACH NUMBER       ENTROPY         AREA            X        INEQ
   TEMPERATURE--SPECIES CONCENTRATIONS
   EQUILIBRIUM TEMPERATURE--EQUILIBRIUM VALUES

 MINIMUM TEMERATURE (TSTOP) = 200.0000
 VIBRATIONAL EQUILIBRIUM ASSUMED
 --------------------------------------------------
1 RESERVOIR -    1

 TEMPERATURE =   5298.80 DENSITY =  0.02294205 PRESSURE =   369.890

 ENTHALPY =   5.0722 ENTROPY =    2.1403 MOLECULAR WEIGHT = 26.9667


  E-   0.428007655386635D-006
  N2   0.246781074515299D-001
  O2   0.250498684341335D-002
  AR   0.321927844403869D-003
   N   0.100185062800901D-003
   O   0.501095587547684D-002
  NO   0.446574069617355D-002
 NO+   0.428007655386634D-006
1 EQUILIBRIUM THROAT -    1
 TEMPERATURE =  0.913330 MASS FLOW = 0.633891 DENSITY =  0.603836 PRESSURE =  0.545959
 ENTHALPY =   4.5212 VELOCITY =   1.0498E+00

     E-  1.792E-07
     N2  2.486E-02
     O2  3.002E-03
     AR  3.219E-04
      N  4.800E-05
      O  4.318E-03
     NO  4.164E-03
    NO+  1.792E-07
1 RUN     1 STARTING VALUES FOR NON-EQUILIBRIUM CALCULATIONS

 TEMPERATURE =  0.904197 DENSITY =  0.573041 PRESSURE =  0.512230
 ENTHALPY =   4.4639 VELOCITY =     1.10303E+00 AREA =     1.00286E+00 X =     7.14376E-03

     E-    1.62373E-07
     N2    2.48779E-02
     O2    3.07125E-03
     AR    3.21928E-04
      N    4.38159E-05
      O    4.22168E-03
     NO    4.12276E-03
    NO+    1.62373E-07

 NONEQUILIBRIUM SOLUTION





   OUTPUT FORMAT FOR NONEQUILIBRIUM SOLUTION

   TEMPERATURE      PRESSURE      DENSITY       VELOCITY    MACH NUMBER       ENTROPY         AREA            X        INEQ
   TEMPERATURE--SPECIES CONCENTRATIONS
   EQUILIBRIUM TEMPERATURE--EQUILIBRIUM VALUES
   9.03823E-01   5.12230E-01   5.73041E-01   1.10303E+00   1.0572750E+00   2.14028E+00   1.00286E+00   7.1437554E-03   0
    0.903823  1.695E-07  2.487E-02  3.063E-03  3.219E-04  4.392E-05  4.228E-03  4.133E-03  1.695E-07
    0.904197  1.624E-07  2.488E-02  3.071E-03  3.219E-04  4.382E-05  4.222E-03  4.123E-03  1.624E-07
 
   8.53965E-01   3.55010E-01   4.23699E-01   1.36062E+00   1.3507260E+00   2.14028E+00   1.09956E+00   2.4299877E-01   0
    0.853965  9.346E-08  2.501E-02  3.469E-03  3.219E-04  2.568E-05  3.673E-03  3.876E-03  9.346E-08
    0.854197  9.096E-08  2.501E-02  3.474E-03  3.219E-04  2.564E-05  3.670E-03  3.869E-03  9.096E-08
 
   8.03761E-01   2.38404E-01   3.04715E-01   1.57990E+00   1.6271675E+00   2.14028E+00   1.31671E+00   7.3739579E-01   0
    0.803761  4.964E-08  2.516E-02  3.907E-03  3.219E-04  1.401E-05  3.093E-03  3.581E-03  4.964E-08
    0.804197  4.707E-08  2.517E-02  3.917E-03  3.219E-04  1.397E-05  3.086E-03  3.566E-03  4.707E-08
 
   7.53195E-01   1.54866E-01   2.12849E-01   1.77402E+00   1.8984536E+00   2.14028E+00   1.67874E+00   1.4783104E+00   0
    0.753195  2.514E-08  2.533E-02  4.366E-03  3.219E-04  7.030E-06  2.501E-03  3.254E-03  2.514E-08
    0.754197  2.210E-08  2.535E-02  4.392E-03  3.219E-04  6.968E-06  2.488E-03  3.215E-03  2.210E-08
 
! EXP. UNDERFLOW IN RNKT. P(  1) = -.515600E+04
! EXP. UNDERFLOW IN RNKT. P(  8) = -.515601E+04
! EXP. UNDERFLOW IN RNKT. P(  1) = -.265818E+03
! EXP. UNDERFLOW IN RNKT. P(  8) = -.265818E+03
! EXP. UNDERFLOW IN RNKT. P(  1) = -.140353E+05
! EXP. UNDERFLOW IN RNKT. P(  8) = -.140352E+05
   7.02771E-01   1.01660E-01   1.51190E-01   1.87368E+00   2.0823431E+00   2.13725E+00   2.23768E+00   2.4794315E+00   1
    0.702771  1.222E-08  2.550E-02  4.834E-03  3.219E-04  3.175E-06  1.902E-03  2.917E-03  1.222E-08
 
! EXP. UNDERFLOW IN RNKT. P(  1) = -.168069E+04
! EXP. UNDERFLOW IN RNKT. P(  8) = -.168069E+04
! EXP. UNDERFLOW IN RNKT. P(  1) = -.213324E+03
! EXP. UNDERFLOW IN RNKT. P(  8) = -.213324E+03
! EXP. UNDERFLOW IN RNKT. P(  2) = -.236262E+03
! EXP. UNDERFLOW IN RNKT. P(  2) = -.324090E+03
! EXP. UNDERFLOW IN RNKT. P(  2) = -.487227E+04
! EXP. UNDERFLOW IN RNKT. P(  5) = -.176776E+03
! EXP. UNDERFLOW IN RNKT. P(  2) = -.580097E+03
   6.51655E-01   6.34400E-02   1.02497E-01   2.02749E+00   2.3363747E+00   2.13630E+00   3.05031E+00   3.7325704E+00   1
    0.651655  6.570E-09  2.564E-02  5.226E-03  3.219E-04  1.344E-06  1.412E-03  2.622E-03  6.570E-09
 
! EXP. UNDERFLOW IN RNKT. P(  5) = -.202825E+03
   5.97798E-01   3.86907E-02   6.85922E-02   2.16811E+00   2.5944528E+00   2.13376E+00   4.26243E+00   5.3228316E+00   1
    0.597798  4.106E-09  2.570E-02  5.517E-03  3.219E-04  5.340E-07  1.039E-03  2.415E-03  4.106E-09
 
   5.44062E-01   2.37730E-02   4.64719E-02   2.28962E+00   2.8510122E+00   2.13328E+00   5.95746E+00   7.2039528E+00   1
    0.544062  3.007E-09  2.574E-02  5.680E-03  3.219E-04  2.187E-07  8.153E-04  2.311E-03  3.007E-09
 
   4.90509E-01   1.44699E-02   3.14315E-02   2.39748E+00   3.1260539E+00   2.13340E+00   8.41190E+00   9.5016351E+00   1
    0.490509  2.402E-09  2.576E-02  5.762E-03  3.219E-04  9.028E-08  6.948E-04  2.268E-03  2.402E-09
 
   4.39975E-01   8.79245E-03   2.13118E-02   2.49119E+00   3.4170256E+00   2.13375E+00   1.19395E+01   1.2276789E+01   1
    0.439975  2.025E-09  2.576E-02  5.801E-03  3.219E-04  3.667E-08  6.331E-04  2.253E-03  2.025E-09
 
   3.86533E-01   4.93531E-03   1.36241E-02   2.58430E+00   3.7722486E+00   2.13420E+00   1.80038E+01   1.6415805E+01   1
    0.386533  1.721E-09  2.577E-02  5.822E-03  3.219E-04  1.187E-08  5.945E-04  2.248E-03  1.721E-09
 
   3.33573E-01   2.59598E-03   8.30708E-03   2.67168E+00   4.1855177E+00   2.13459E+00   2.85615E+01   2.2829678E+01   1
    0.333573  1.467E-09  2.577E-02  5.836E-03  3.219E-04  2.828E-09  5.693E-04  2.246E-03  1.467E-09
 
   2.81764E-01   1.26647E-03   4.79904E-03   2.75289E+00   4.6795852E+00   2.13479E+00   4.79813E+01   3.3916304E+01   1
    0.281764  1.239E-09  2.577E-02  5.844E-03  3.219E-04  4.140E-10  5.522E-04  2.246E-03  1.239E-09
 
   2.30765E-01   5.52161E-04   2.55525E-03   2.82887E+00   5.2929064E+00   2.13505E+00   8.76935E+01   5.9480406E+01   1
    0.230765  9.900E-10  2.577E-02  5.852E-03  3.219E-04  2.686E-11  5.373E-04  2.246E-03  9.900E-10
 
 STORING VALUES
 STORING VALUES
 STORING VALUES
 STORING VALUES
 STORING VALUES
 DISTANCE GREATER THAN REQUIRED MAXIMUM
   2.03407E-01   3.29353E-04   1.72942E-03   2.86808E+00   5.7021040E+00   2.13543E+00   1.27798E+02   9.9246251E+01   1
    0.203407  7.995E-10  2.577E-02  5.857E-03  3.219E-04  4.275E-12  5.267E-04  2.246E-03  7.995E-10
 

 CONDITIONS AT X =        98.39000  RUN NO.    1
 RESERVOIR TEMPERATURE =   5298.800 (K) PRESSURE =    369.890 (ATM) ENTHALPY =   0.828656E+11(ERG/GM)
 NO OF SPECIES =  8    PTS FIT = 5

 TEMP (DEG K)   PRES (D/CM**2) DENSITY (G/CC) VELOCITY(C/S)  MACH NUMBER  ENTROPY (ERG/GM*DEG K)
   0.108020E+04  0.124551E+06  0.399455E-04  0.366508E+06  0.569491E+01  0.894100E+08

   E- 0.802502E-09
   N2 0.257672E-01
   O2 0.585707E-02
   AR 0.321928E-03
    N 0.440152E-11
    O 0.526886E-03
   NO 0.224600E-02
  NO+ 0.802502E-09

 ----------------------------------------------------
 Summary ...

  
 Stagnation conditions ...

 Temperature =    5298.80 degrees K
 Pressure    =     37.479 MPa
 Enthalpy    =      8.287 MJ/kg

 Conditions at x =      98.39 cm ...

 Temperature =    1080.20 degrees K
 Pressure    =     12.455 kPa
 Density     =    0.03995 kg/m3
 Velocity    =   3665.076 m/s
 Mach no.    =      5.695
 Entropy     =  8.941E-03 MJ/(kg degree K)
 rho.U**2    =    536.579 kPa
 pitot/stag. =    0.01432
 Area ratio  =     126.97


 Species    Mass-Fraction...           Mole-fraction...

   E-    4.401E-13   0.0000000 |  2.311E-08   0.0000000
   N2    7.219E-01   0.7218945 |  7.422E-01   0.7421627
   O2    1.874E-01   0.1874262 |  1.687E-01   0.1686987
   AR    1.286E-02   0.0128591 |  9.272E-03   0.0092724
    N    6.166E-11   0.0000000 |  1.268E-10   0.0000000
    O    8.430E-03   0.0084302 |  1.518E-02   0.0151757
   NO    6.740E-02   0.0673979 |  6.469E-02   0.0646906
  NO+    2.408E-08   0.0000000 |  2.311E-08   0.0000000
 Total =   0.998008


-------------------------------------------
 SPECIES     MOL WT      CONC          CP          CV       CP/CV
     E-   5.485E-04   7.995E-10   2.500E+00   1.500E+00   1.667E+00
     N2   2.802E+01   2.577E-02   3.974E+00   2.974E+00   1.336E+00
     O2   3.200E+01   5.857E-03   4.210E+00   3.210E+00   1.312E+00
     AR   3.994E+01   3.219E-04   2.500E+00   1.500E+00   1.667E+00
      N   1.401E+01   4.275E-12   2.500E+00   1.500E+00   1.667E+00
      O   1.600E+01   5.267E-04   2.513E+00   1.513E+00   1.661E+00
     NO   3.001E+01   2.246E-03   4.109E+00   3.109E+00   1.322E+00
    NO+   3.001E+01   7.995E-10   3.970E+00   2.970E+00   1.337E+00
------------
 SUM OF SPECIES CONC, SUMGJ =    3.472E-02 (MOLE/GM MIXTURE)
 RATIO OF SPECIFIC HEATS (MIXTURE) =    1.335E+00

 Iteration output as given by James 
gamma= 1.335
Pitot/Stag= 0.0134805
exit Mach number = 5.695
Corrected nozzle length/area ratio = 98.3937
rho*U^2 correction = 0.941376
